[debug] [2022-02-12T09:31:14.534Z] ----------------------------------------------------------------------
[debug] [2022-02-12T09:31:14.536Z] Command:       /usr/local/bin/node /usr/local/bin/firebase login
[debug] [2022-02-12T09:31:14.537Z] CLI Version:   10.2.0
[debug] [2022-02-12T09:31:14.537Z] Platform:      linux
[debug] [2022-02-12T09:31:14.537Z] Node Version:  v14.18.1
[debug] [2022-02-12T09:31:14.540Z] Time:          Sat Feb 12 2022 18:31:14 GMT+0900 (日本標準時)
[debug] [2022-02-12T09:31:14.540Z] ----------------------------------------------------------------------
[debug] 
[debug] [2022-02-12T09:31:14.543Z] >>> [apiv2][query] GET https://firebase-public.firebaseio.com/cli.json [none]
[info] i  Firebase optionally collects CLI usage and error reporting information to help improve our products. Data is collected in accordance with Google's privacy policy (https://policies.google.com/privacy) and is not used to identify you.
 
[debug] [2022-02-12T09:31:15.069Z] <<< [apiv2][status] GET https://firebase-public.firebaseio.com/cli.json 200
[debug] [2022-02-12T09:31:15.070Z] <<< [apiv2][body] GET https://firebase-public.firebaseio.com/cli.json {"cloudBuildErrorAfter":1594252800000,"cloudBuildWarnAfter":1590019200000,"defaultNode10After":1594252800000,"minVersion":"3.0.5","node8DeploysDisabledAfter":1613390400000,"node8RuntimeDisabledAfter":1615809600000,"node8WarnAfter":1600128000000}
[info] i  To change your data collection preference at any time, run `firebase logout` and log in again. 
[info] 
[info] Visit this URL on this device to log in:
[info] https://accounts.google.com/o/oauth2/auth?client_id=563584335869-fgrhgmd47bqnekij5i8b5pr03ho849e6.apps.googleusercontent.com&scope=email%20openid%20https%3A%2F%2Fwww.googleapis.com%2Fauth%2Fcloudplatformprojects.readonly%20https%3A%2F%2Fwww.googleapis.com%2Fauth%2Ffirebase%20https%3A%2F%2Fwww.googleapis.com%2Fauth%2Fcloud-platform&response_type=code&state=917988071&redirect_uri=http%3A%2F%2Flocalhost%3A9005
[info] 
[info] Waiting for authentication...
[debug] [2022-02-12T09:32:09.550Z] ----------------------------------------------------------------------
[debug] [2022-02-12T09:32:09.553Z] Command:       /usr/local/bin/node /usr/local/bin/firebase login
[debug] [2022-02-12T09:32:09.553Z] CLI Version:   10.2.0
[debug] [2022-02-12T09:32:09.553Z] Platform:      linux
[debug] [2022-02-12T09:32:09.553Z] Node Version:  v14.18.1
[debug] [2022-02-12T09:32:09.554Z] Time:          Sat Feb 12 2022 18:32:09 GMT+0900 (日本標準時)
[debug] [2022-02-12T09:32:09.554Z] ----------------------------------------------------------------------
[debug] 
[info] i  Firebase optionally collects CLI usage and error reporting information to help improve our products. Data is collected in accordance with Google's privacy policy (https://policies.google.com/privacy) and is not used to identify you.
 
[info] i  To change your data collection preference at any time, run `firebase logout` and log in again. 
[info] 
[info] Visit this URL on this device to log in:
[info] https://accounts.google.com/o/oauth2/auth?client_id=563584335869-fgrhgmd47bqnekij5i8b5pr03ho849e6.apps.googleusercontent.com&scope=email%20openid%20https%3A%2F%2Fwww.googleapis.com%2Fauth%2Fcloudplatformprojects.readonly%20https%3A%2F%2Fwww.googleapis.com%2Fauth%2Ffirebase%20https%3A%2F%2Fwww.googleapis.com%2Fauth%2Fcloud-platform&response_type=code&state=779376305&redirect_uri=http%3A%2F%2Flocalhost%3A9005
[info] 
[info] Waiting for authentication...
